<?xml version="1.0" encoding="UTF-8"?>
<!-- Generated by org.testng.reporters.JUnitReportReporter -->
<testsuite skipped="0" hostname="XiongBeauty" name="com.webtest.demo.Drop_down_list" tests="50" failures="0" timestamp="2020-12-09T12:36:19 CST" time="880.322" errors="3">
  <testcase name="testBackLogin" time="13.135" classname="com.webtest.demo.Drop_down_list"/>
  <system-out/>
  <testcase name="testLogin" time="17.140" classname="com.webtest.demo.Drop_down_list"/>
  <system-out/>
  <testcase name="DropdownList_Show" time="11.186" classname="com.webtest.demo.Drop_down_list"/>
  <system-out/>
  <testcase name="DropdownList_MediaEdit" time="9.666" classname="com.webtest.demo.Drop_down_list"/>
  <system-out/>
  <testcase name="DropdownList_IndustryEdit" time="2.085" classname="com.webtest.demo.Drop_down_list"/>
  <system-out/>
  <testcase name="DropdownList_CorporateEdit" time="13.632" classname="com.webtest.demo.Drop_down_list"/>
  <system-out/>
  <testcase name="DropdownList_MediaNavigation_Head" time="17.624" classname="com.webtest.demo.Drop_down_list"/>
  <system-out/>
  <testcase name="DropdownList_CorporateNavigation_Head" time="17.733" classname="com.webtest.demo.Drop_down_list"/>
  <system-out/>
  <testcase name="DropdownList_IndustryNavigation_Head" time="17.723" classname="com.webtest.demo.Drop_down_list"/>
  <system-out/>
  <testcase name="DropdownList_MediaNavigation_Bottom" time="17.777" classname="com.webtest.demo.Drop_down_list"/>
  <system-out/>
  <testcase name="DropdownList_CorporateNavigation_Bottom" time="17.736" classname="com.webtest.demo.Drop_down_list"/>
  <system-out/>
  <testcase name="DropdownList_IndustryNavigation_Bottom" time="17.745" classname="com.webtest.demo.Drop_down_list"/>
  <system-out/>
  <testcase name="DropdownList_MediaNavigation_All" time="17.678" classname="com.webtest.demo.Drop_down_list"/>
  <system-out/>
  <testcase name="DropdownList_CorporateNavigation_All" time="17.765" classname="com.webtest.demo.Drop_down_list"/>
  <system-out/>
  <testcase name="DropdownList_IndustryNavigation_All" time="17.755" classname="com.webtest.demo.Drop_down_list"/>
  <system-out/>
  <testcase name="DropdownList_MediaNewOpen" time="17.713" classname="com.webtest.demo.Drop_down_list"/>
  <system-out/>
  <testcase name="DropdownList_CorporateNewOpen" time="17.771" classname="com.webtest.demo.Drop_down_list"/>
  <system-out/>
  <testcase name="DropdownList_IndustryNewOpen" time="17.772" classname="com.webtest.demo.Drop_down_list"/>
  <system-out/>
  <testcase name="DropdownList_MediaOrder" time="17.718" classname="com.webtest.demo.Drop_down_list"/>
  <system-out/>
  <testcase name="DropdownList_CorporateOrder" time="17.786" classname="com.webtest.demo.Drop_down_list"/>
  <system-out/>
  <testcase name="DropdownList_IndustryOrder" time="17.747" classname="com.webtest.demo.Drop_down_list"/>
  <system-out/>
  <testcase name="DropdownList_AddChild" time="17.579" classname="com.webtest.demo.Drop_down_list"/>
  <system-out/>
  <testcase name="DropdownList_AddChild1" time="17.480" classname="com.webtest.demo.Drop_down_list"/>
  <system-out/>
  <testcase name="DropdownList_AddChild_child" time="19.799" classname="com.webtest.demo.Drop_down_list"/>
  <system-out/>
  <testcase name="DropdownList_up" time="22.043" classname="com.webtest.demo.Drop_down_list"/>
  <system-out/>
  <testcase name="DropdownList_Move" time="17.781" classname="com.webtest.demo.Drop_down_list"/>
  <system-out/>
  <testcase name="DropdownList_Delete" time="20.680" classname="com.webtest.demo.Drop_down_list"/>
  <system-out/>
  <testcase name="DropdownList_EditAll" time="16.933" classname="com.webtest.demo.Drop_down_list"/>
  <system-out/>
  <testcase name="DropdownList_EditMedia" time="25.525" classname="com.webtest.demo.Drop_down_list"/>
  <system-out/>
  <testcase name="DropdownList_EditIndustry" time="25.410" classname="com.webtest.demo.Drop_down_list"/>
  <system-out/>
  <testcase name="DropdownList_EditCorporate" time="25.513" classname="com.webtest.demo.Drop_down_list"/>
  <system-out/>
  <testcase name="DropdownList_Show2" time="3.019" classname="com.webtest.demo.Drop_down_list">
    <error type="java.lang.NullPointerException" message="null value in entry: id=null">
      <![CDATA[java.lang.NullPointerException: null value in entry: id=null
at com.google.common.collect.CollectPreconditions.checkEntryNotNull(CollectPreconditions.java:32)
at com.google.common.collect.SingletonImmutableBiMap.<init>(SingletonImmutableBiMap.java:42)
at com.google.common.collect.ImmutableBiMap.of(ImmutableBiMap.java:72)
at com.google.common.collect.ImmutableMap.of(ImmutableMap.java:124)
at org.openqa.selenium.remote.RemoteWebDriver$RemoteTargetLocator.frame(RemoteWebDriver.java:892)
at com.webtest.core.WebDriverEngine.enterFrame1(Unknown Source)
at com.webtest.demo.Drop_down_list.DropdownList_Show2(Unknown Source)
at sun.reflect.NativeMethodAccessorImpl.invoke0(Native Method)
at sun.reflect.NativeMethodAccessorImpl.invoke(Unknown Source)
at sun.reflect.DelegatingMethodAccessorImpl.invoke(Unknown Source)
at java.lang.reflect.Method.invoke(Unknown Source)
at org.testng.internal.MethodInvocationHelper.invokeMethod(MethodInvocationHelper.java:132)
at org.testng.internal.TestInvoker.invokeMethod(TestInvoker.java:599)
at org.testng.internal.TestInvoker.invokeTestMethod(TestInvoker.java:174)
at org.testng.internal.MethodRunner.runInSequence(MethodRunner.java:46)
at org.testng.internal.TestInvoker$MethodInvocationAgent.invoke(TestInvoker.java:822)
at org.testng.internal.TestInvoker.invokeTestMethods(TestInvoker.java:147)
at org.testng.internal.TestMethodWorker.invokeTestMethods(TestMethodWorker.java:146)
at org.testng.internal.TestMethodWorker.run(TestMethodWorker.java:128)
at java.util.ArrayList.forEach(Unknown Source)
at org.testng.TestRunner.privateRun(TestRunner.java:764)
at org.testng.TestRunner.run(TestRunner.java:585)
at org.testng.SuiteRunner.runTest(SuiteRunner.java:384)
at org.testng.SuiteRunner.runSequentially(SuiteRunner.java:378)
at org.testng.SuiteRunner.privateRun(SuiteRunner.java:337)
at org.testng.SuiteRunner.run(SuiteRunner.java:286)
at org.testng.SuiteRunnerWorker.runSuite(SuiteRunnerWorker.java:53)
at org.testng.SuiteRunnerWorker.run(SuiteRunnerWorker.java:96)
at org.testng.TestNG.runSuitesSequentially(TestNG.java:1218)
at org.testng.TestNG.runSuitesLocally(TestNG.java:1140)
at org.testng.TestNG.runSuites(TestNG.java:1069)
at org.testng.TestNG.run(TestNG.java:1037)
at org.testng.TestNG.privateMain(TestNG.java:1371)
at org.testng.TestNG.main(TestNG.java:1335)
]]>
    </error>
  </testcase> <!-- DropdownList_Show2 -->
  <system-out/>
  <testcase name="Search_Engines" time="10.948" classname="com.webtest.demo.Drop_down_list"/>
  <system-out/>
  <testcase name="Search_EnginesSet" time="17.862" classname="com.webtest.demo.Drop_down_list"/>
  <system-out/>
  <testcase name="Search_Recommend" time="29.363" classname="com.webtest.demo.Drop_down_list"/>
  <system-out/>
  <testcase name="Search_CancelRecommend" time="15.736" classname="com.webtest.demo.Drop_down_list"/>
  <system-out/>
  <testcase name="Search_Topping" time="12.785" classname="com.webtest.demo.Drop_down_list"/>
  <system-out/>
  <testcase name="Search_CancelTopping" time="17.741" classname="com.webtest.demo.Drop_down_list"/>
  <system-out/>
  <testcase name="Search_Hide" time="17.725" classname="com.webtest.demo.Drop_down_list"/>
  <system-out/>
  <testcase name="Search_CancelHide" time="17.719" classname="com.webtest.demo.Drop_down_list"/>
  <system-out/>
  <testcase name="Search_Copy" time="30.756" classname="com.webtest.demo.Drop_down_list"/>
  <system-out/>
  <testcase name="Search_CopyEnglish" time="22.211" classname="com.webtest.demo.Drop_down_list"/>
  <system-out/>
  <testcase name="Search_RecycleBin" time="12.726" classname="com.webtest.demo.Drop_down_list"/>
  <system-out/>
  <testcase name="Search_RecycleBin_Reduction" time="18.080" classname="com.webtest.demo.Drop_down_list"/>
  <system-out/>
  <testcase name="Search_Delete_completely" time="28.326" classname="com.webtest.demo.Drop_down_list"/>
  <system-out/>
  <testcase name="Search_AddWord" time="27.256" classname="com.webtest.demo.Drop_down_list"/>
  <system-out/>
  <testcase name="Search_EditPicture" time="20.145" classname="com.webtest.demo.Drop_down_list"/>
  <system-out/>
  <testcase name="Search_EditPicture_Delete" time="0.013" classname="com.webtest.demo.Drop_down_list">
    <error type="org.openqa.selenium.ElementClickInterceptedException" message="Element &lt;input class=&quot;checkall-item custom-control-input&quot; name=&quot;id&quot; type=&quot;checkbox&quot;&gt; is not clickable at point (277,197) because another element &lt;label class=&quot;form-control-label&quot;&gt; obscures it
Build info: version: &#039;3.141.59&#039;, revision: &#039;e82be7d358&#039;, time: &#039;2018-11-14T08:25:53&#039;
System info: host: &#039;XIONGBEAUTY&#039;, ip: &#039;192.168.43.4&#039;, os.name: &#039;Windows 10&#039;, os.arch: &#039;amd64&#039;, os.version: &#039;10.0&#039;, java.version: &#039;1.8.0_231&#039;
Driver info: org.openqa.selenium.firefox.FirefoxDriver
Capabilities {acceptInsecureCerts: true, browserName: firefox, browserVersion: 82.0.3, javascriptEnabled: true, moz:accessibilityChecks: false, moz:buildID: 20201108180448, moz:geckodriverVersion: 0.28.0, moz:headless: false, moz:processID: 3876, moz:profile: C:\Users\Administrator\AppD..., moz:shutdownTimeout: 60000, moz:useNonSpecCompliantPointerOrigin: false, moz:webdriverClick: true, pageLoadStrategy: normal, platform: WINDOWS, platformName: WINDOWS, platformVersion: 10.0, rotatable: false, setWindowRect: true, strictFileInteractability: false, timeouts: {implicit: 0, pageLoad: 300000, script: 30000}, unhandledPromptBehavior: dismiss and notify}
Session ID: 265b75ea-554c-4c3b-8f12-9658d0f4fe06">
      <![CDATA[org.openqa.selenium.ElementClickInterceptedException: Element <input class="checkall-item custom-control-input" name="id" type="checkbox"> is not clickable at point (277,197) because another element <label class="form-control-label"> obscures it
Build info: version: '3.141.59', revision: 'e82be7d358', time: '2018-11-14T08:25:53'
System info: host: 'XIONGBEAUTY', ip: '192.168.43.4', os.name: 'Windows 10', os.arch: 'amd64', os.version: '10.0', java.version: '1.8.0_231'
Driver info: org.openqa.selenium.firefox.FirefoxDriver
Capabilities {acceptInsecureCerts: true, browserName: firefox, browserVersion: 82.0.3, javascriptEnabled: true, moz:accessibilityChecks: false, moz:buildID: 20201108180448, moz:geckodriverVersion: 0.28.0, moz:headless: false, moz:processID: 3876, moz:profile: C:\Users\Administrator\AppD..., moz:shutdownTimeout: 60000, moz:useNonSpecCompliantPointerOrigin: false, moz:webdriverClick: true, pageLoadStrategy: normal, platform: WINDOWS, platformName: WINDOWS, platformVersion: 10.0, rotatable: false, setWindowRect: true, strictFileInteractability: false, timeouts: {implicit: 0, pageLoad: 300000, script: 30000}, unhandledPromptBehavior: dismiss and notify}
Session ID: 265b75ea-554c-4c3b-8f12-9658d0f4fe06
at sun.reflect.NativeConstructorAccessorImpl.newInstance0(Native Method)
at sun.reflect.NativeConstructorAccessorImpl.newInstance(Unknown Source)
at sun.reflect.DelegatingConstructorAccessorImpl.newInstance(Unknown Source)
at java.lang.reflect.Constructor.newInstance(Unknown Source)
at org.openqa.selenium.remote.http.W3CHttpResponseCodec.createException(W3CHttpResponseCodec.java:187)
at org.openqa.selenium.remote.http.W3CHttpResponseCodec.decode(W3CHttpResponseCodec.java:122)
at org.openqa.selenium.remote.http.W3CHttpResponseCodec.decode(W3CHttpResponseCodec.java:49)
at org.openqa.selenium.remote.HttpCommandExecutor.execute(HttpCommandExecutor.java:158)
at org.openqa.selenium.remote.service.DriverCommandExecutor.execute(DriverCommandExecutor.java:83)
at org.openqa.selenium.remote.RemoteWebDriver.execute(RemoteWebDriver.java:552)
at org.openqa.selenium.remote.RemoteWebElement.execute(RemoteWebElement.java:285)
at org.openqa.selenium.remote.RemoteWebElement.click(RemoteWebElement.java:84)
at com.webtest.core.WebDriverEngine.click(Unknown Source)
at com.webtest.demo.Drop_down_list.Search_EditPicture_Delete(Unknown Source)
at sun.reflect.NativeMethodAccessorImpl.invoke0(Native Method)
at sun.reflect.NativeMethodAccessorImpl.invoke(Unknown Source)
at sun.reflect.DelegatingMethodAccessorImpl.invoke(Unknown Source)
at java.lang.reflect.Method.invoke(Unknown Source)
at org.testng.internal.MethodInvocationHelper.invokeMethod(MethodInvocationHelper.java:132)
at org.testng.internal.TestInvoker.invokeMethod(TestInvoker.java:599)
at org.testng.internal.TestInvoker.invokeTestMethod(TestInvoker.java:174)
at org.testng.internal.MethodRunner.runInSequence(MethodRunner.java:46)
at org.testng.internal.TestInvoker$MethodInvocationAgent.invoke(TestInvoker.java:822)
at org.testng.internal.TestInvoker.invokeTestMethods(TestInvoker.java:147)
at org.testng.internal.TestMethodWorker.invokeTestMethods(TestMethodWorker.java:146)
at org.testng.internal.TestMethodWorker.run(TestMethodWorker.java:128)
at java.util.ArrayList.forEach(Unknown Source)
at org.testng.TestRunner.privateRun(TestRunner.java:764)
at org.testng.TestRunner.run(TestRunner.java:585)
at org.testng.SuiteRunner.runTest(SuiteRunner.java:384)
at org.testng.SuiteRunner.runSequentially(SuiteRunner.java:378)
at org.testng.SuiteRunner.privateRun(SuiteRunner.java:337)
at org.testng.SuiteRunner.run(SuiteRunner.java:286)
at org.testng.SuiteRunnerWorker.runSuite(SuiteRunnerWorker.java:53)
at org.testng.SuiteRunnerWorker.run(SuiteRunnerWorker.java:96)
at org.testng.TestNG.runSuitesSequentially(TestNG.java:1218)
at org.testng.TestNG.runSuitesLocally(TestNG.java:1140)
at org.testng.TestNG.runSuites(TestNG.java:1069)
at org.testng.TestNG.run(TestNG.java:1037)
at org.testng.TestNG.privateMain(TestNG.java:1371)
at org.testng.TestNG.main(TestNG.java:1335)
]]>
    </error>
  </testcase> <!-- Search_EditPicture_Delete -->
  <system-out/>
  <testcase name="Search_AddPicture" time="3.227" classname="com.webtest.demo.Drop_down_list">
    <error type="java.lang.IllegalArgumentException" message="Must provide a location for a move action.">
      <![CDATA[java.lang.IllegalArgumentException: Must provide a location for a move action.
at org.openqa.selenium.interactions.MoveMouseAction.<init>(MoveMouseAction.java:37)
at org.openqa.selenium.interactions.Actions.moveToElement(Actions.java:386)
at com.webtest.core.WebDriverEngine.mouseToElement(Unknown Source)
at com.webtest.demo.Drop_down_list.Search_AddPicture(Unknown Source)
at sun.reflect.NativeMethodAccessorImpl.invoke0(Native Method)
at sun.reflect.NativeMethodAccessorImpl.invoke(Unknown Source)
at sun.reflect.DelegatingMethodAccessorImpl.invoke(Unknown Source)
at java.lang.reflect.Method.invoke(Unknown Source)
at org.testng.internal.MethodInvocationHelper.invokeMethod(MethodInvocationHelper.java:132)
at org.testng.internal.TestInvoker.invokeMethod(TestInvoker.java:599)
at org.testng.internal.TestInvoker.invokeTestMethod(TestInvoker.java:174)
at org.testng.internal.MethodRunner.runInSequence(MethodRunner.java:46)
at org.testng.internal.TestInvoker$MethodInvocationAgent.invoke(TestInvoker.java:822)
at org.testng.internal.TestInvoker.invokeTestMethods(TestInvoker.java:147)
at org.testng.internal.TestMethodWorker.invokeTestMethods(TestMethodWorker.java:146)
at org.testng.internal.TestMethodWorker.run(TestMethodWorker.java:128)
at java.util.ArrayList.forEach(Unknown Source)
at org.testng.TestRunner.privateRun(TestRunner.java:764)
at org.testng.TestRunner.run(TestRunner.java:585)
at org.testng.SuiteRunner.runTest(SuiteRunner.java:384)
at org.testng.SuiteRunner.runSequentially(SuiteRunner.java:378)
at org.testng.SuiteRunner.privateRun(SuiteRunner.java:337)
at org.testng.SuiteRunner.run(SuiteRunner.java:286)
at org.testng.SuiteRunnerWorker.runSuite(SuiteRunnerWorker.java:53)
at org.testng.SuiteRunnerWorker.run(SuiteRunnerWorker.java:96)
at org.testng.TestNG.runSuitesSequentially(TestNG.java:1218)
at org.testng.TestNG.runSuitesLocally(TestNG.java:1140)
at org.testng.TestNG.runSuites(TestNG.java:1069)
at org.testng.TestNG.run(TestNG.java:1037)
at org.testng.TestNG.privateMain(TestNG.java:1371)
at org.testng.TestNG.main(TestNG.java:1335)
]]>
    </error>
  </testcase> <!-- Search_AddPicture -->
  <system-out/>
  <testcase name="DropdownList_English" time="33.054" classname="com.webtest.demo.Drop_down_list"/>
  <system-out/>
</testsuite> <!-- com.webtest.demo.Drop_down_list -->
