<?xml version="1.0" encoding="UTF-8"?>
<!-- Generated by org.testng.reporters.JUnitXMLReporter -->
<testsuite hostname="DESKTOP-TNDKL02" ignored="0" name="Default test" tests="4" failures="0" timestamp="2020-12-06T20:32:45 CST" time="0.079" errors="0">
  <testcase name="@BeforeClass doBeforeClass" time="0.034" classname="com.webtest.core.BaseTest">
    <failure type="java.lang.IllegalStateException" message="Specified firefox binary location does not exist or is not a real file: C:\Program Files (x86)\Mozilla Firefox\firefox.exe">
      <![CDATA[java.lang.IllegalStateException: Specified firefox binary location does not exist or is not a real file: C:\Program Files (x86)\Mozilla Firefox\firefox.exe
at com.google.common.base.Preconditions.checkState(Preconditions.java:504)
at org.openqa.selenium.firefox.Executable.<init>(Executable.java:43)
at org.openqa.selenium.firefox.FirefoxBinary.<init>(FirefoxBinary.java:123)
at org.openqa.selenium.firefox.FirefoxOptions$Binary.asBinary(FirefoxOptions.java:420)
at java.util.Optional.map(Unknown Source)
at org.openqa.selenium.firefox.FirefoxOptions.getBinaryOrNull(FirefoxOptions.java:220)
at org.openqa.selenium.firefox.FirefoxOptions.getBinary(FirefoxOptions.java:216)
at org.openqa.selenium.firefox.FirefoxDriver.toExecutor(FirefoxDriver.java:187)
at org.openqa.selenium.firefox.FirefoxDriver.<init>(FirefoxDriver.java:147)
at org.openqa.selenium.firefox.FirefoxDriver.<init>(FirefoxDriver.java:125)
at com.webtest.core.BaseTest.newWebDriver(BaseTest.java:58)
at com.webtest.core.BaseTest.doBeforeClass(BaseTest.java:83)
at sun.reflect.NativeMethodAccessorImpl.invoke0(Native Method)
at sun.reflect.NativeMethodAccessorImpl.invoke(Unknown Source)
at sun.reflect.DelegatingMethodAccessorImpl.invoke(Unknown Source)
at java.lang.reflect.Method.invoke(Unknown Source)
at org.testng.internal.MethodInvocationHelper.invokeMethod(MethodInvocationHelper.java:134)
at org.testng.internal.MethodInvocationHelper.invokeMethodConsideringTimeout(MethodInvocationHelper.java:63)
at org.testng.internal.ConfigInvoker.invokeConfigurationMethod(ConfigInvoker.java:348)
at org.testng.internal.ConfigInvoker.invokeConfigurations(ConfigInvoker.java:302)
at org.testng.internal.TestMethodWorker.invokeBeforeClassMethods(TestMethodWorker.java:176)
at org.testng.internal.TestMethodWorker.run(TestMethodWorker.java:122)
at java.util.ArrayList.forEach(Unknown Source)
at org.testng.TestRunner.privateRun(TestRunner.java:766)
at org.testng.TestRunner.run(TestRunner.java:587)
at org.testng.SuiteRunner.runTest(SuiteRunner.java:384)
at org.testng.SuiteRunner.runSequentially(SuiteRunner.java:378)
at org.testng.SuiteRunner.privateRun(SuiteRunner.java:337)
at org.testng.SuiteRunner.run(SuiteRunner.java:286)
at org.testng.SuiteRunnerWorker.runSuite(SuiteRunnerWorker.java:53)
at org.testng.SuiteRunnerWorker.run(SuiteRunnerWorker.java:96)
at org.testng.TestNG.runSuitesSequentially(TestNG.java:1187)
at org.testng.TestNG.runSuitesLocally(TestNG.java:1109)
at org.testng.TestNG.runSuites(TestNG.java:1039)
at org.testng.TestNG.run(TestNG.java:1007)
at org.testng.remote.AbstractRemoteTestNG.run(AbstractRemoteTestNG.java:115)
at org.testng.remote.RemoteTestNG.initAndRun(RemoteTestNG.java:251)
at org.testng.remote.RemoteTestNG.main(RemoteTestNG.java:77)
]]>
    </failure>
  </testcase> <!-- @BeforeClass doBeforeClass -->
  <testcase name="@BeforeMethod refreshPage" time="-1.607257965899E9" classname="com.webtest.demo.TopSetting">
    <skipped/>
  </testcase> <!-- @BeforeMethod refreshPage -->
  <testcase name="@BeforeMethod refreshPage" time="-1.607257965908E9" classname="com.webtest.demo.TopSetting">
    <skipped/>
  </testcase> <!-- @BeforeMethod refreshPage -->
  <testcase name="@BeforeMethod refreshPage" time="-1.60725796591E9" classname="com.webtest.demo.TopSetting">
    <skipped/>
  </testcase> <!-- @BeforeMethod refreshPage -->
  <testcase name="@BeforeMethod refreshPage" time="-1.607257965913E9" classname="com.webtest.demo.TopSetting">
    <skipped/>
  </testcase> <!-- @BeforeMethod refreshPage -->
  <testcase name="@AfterClass doAfterMethod" time="-1.607257965916E9" classname="com.webtest.core.BaseTest">
    <skipped/>
  </testcase> <!-- @AfterClass doAfterMethod -->
  <testcase name="setPutDown" time="0.0" classname="com.webtest.demo.TopSetting">
    <skipped/>
  </testcase> <!-- setPutDown -->
  <testcase name="languagePosition" time="0.0" classname="com.webtest.demo.TopSetting">
    <skipped/>
  </testcase> <!-- languagePosition -->
  <testcase name="nationalFlagSetting" time="0.0" classname="com.webtest.demo.TopSetting">
    <skipped/>
  </testcase> <!-- nationalFlagSetting -->
  <testcase name="editHomePageName" time="0.0" classname="com.webtest.demo.TopSetting">
    <skipped/>
  </testcase> <!-- editHomePageName -->
</testsuite> <!-- Default test -->
