<?xml version="1.0" encoding="UTF-8"?>
<!-- Generated by org.testng.reporters.JUnitXMLReporter -->
<testsuite hostname="XiongBeauty" ignored="0" name="t2" tests="50" failures="3" timestamp="2020-12-09T12:36:16 CST" time="886.877" errors="0">
  <testcase name="testBackLogin" time="13.135" classname="com.webtest.core.BaseTest"/>
  <testcase name="testLogin" time="17.14" classname="com.webtest.core.BaseTest"/>
  <testcase name="DropdownList_Show" time="11.186" classname="com.webtest.demo.Drop_down_list"/>
  <testcase name="DropdownList_MediaEdit" time="9.666" classname="com.webtest.demo.Drop_down_list"/>
  <testcase name="DropdownList_IndustryEdit" time="2.085" classname="com.webtest.demo.Drop_down_list"/>
  <testcase name="DropdownList_CorporateEdit" time="13.632" classname="com.webtest.demo.Drop_down_list"/>
  <testcase name="DropdownList_MediaNavigation_Head" time="17.624" classname="com.webtest.demo.Drop_down_list"/>
  <testcase name="DropdownList_CorporateNavigation_Head" time="17.733" classname="com.webtest.demo.Drop_down_list"/>
  <testcase name="DropdownList_IndustryNavigation_Head" time="17.723" classname="com.webtest.demo.Drop_down_list"/>
  <testcase name="DropdownList_MediaNavigation_Bottom" time="17.777" classname="com.webtest.demo.Drop_down_list"/>
  <testcase name="DropdownList_CorporateNavigation_Bottom" time="17.736" classname="com.webtest.demo.Drop_down_list"/>
  <testcase name="DropdownList_IndustryNavigation_Bottom" time="17.745" classname="com.webtest.demo.Drop_down_list"/>
  <testcase name="DropdownList_MediaNavigation_All" time="17.678" classname="com.webtest.demo.Drop_down_list"/>
  <testcase name="DropdownList_CorporateNavigation_All" time="17.765" classname="com.webtest.demo.Drop_down_list"/>
  <testcase name="DropdownList_IndustryNavigation_All" time="17.755" classname="com.webtest.demo.Drop_down_list"/>
  <testcase name="DropdownList_MediaNewOpen" time="17.713" classname="com.webtest.demo.Drop_down_list"/>
  <testcase name="DropdownList_CorporateNewOpen" time="17.771" classname="com.webtest.demo.Drop_down_list"/>
  <testcase name="DropdownList_IndustryNewOpen" time="17.772" classname="com.webtest.demo.Drop_down_list"/>
  <testcase name="DropdownList_MediaOrder" time="17.718" classname="com.webtest.demo.Drop_down_list"/>
  <testcase name="DropdownList_CorporateOrder" time="17.786" classname="com.webtest.demo.Drop_down_list"/>
  <testcase name="DropdownList_IndustryOrder" time="17.747" classname="com.webtest.demo.Drop_down_list"/>
  <testcase name="DropdownList_AddChild" time="17.579" classname="com.webtest.demo.Drop_down_list"/>
  <testcase name="DropdownList_AddChild1" time="17.48" classname="com.webtest.demo.Drop_down_list"/>
  <testcase name="DropdownList_AddChild_child" time="19.799" classname="com.webtest.demo.Drop_down_list"/>
  <testcase name="DropdownList_up" time="22.043" classname="com.webtest.demo.Drop_down_list"/>
  <testcase name="DropdownList_Move" time="17.781" classname="com.webtest.demo.Drop_down_list"/>
  <testcase name="DropdownList_Delete" time="20.68" classname="com.webtest.demo.Drop_down_list"/>
  <testcase name="DropdownList_EditAll" time="16.933" classname="com.webtest.demo.Drop_down_list"/>
  <testcase name="DropdownList_EditMedia" time="25.525" classname="com.webtest.demo.Drop_down_list"/>
  <testcase name="DropdownList_EditIndustry" time="25.41" classname="com.webtest.demo.Drop_down_list"/>
  <testcase name="DropdownList_EditCorporate" time="25.513" classname="com.webtest.demo.Drop_down_list"/>
  <testcase name="DropdownList_Show2" time="3.019" classname="com.webtest.demo.Drop_down_list">
    <failure type="java.lang.NullPointerException" message="null value in entry: id=null">
      <![CDATA[java.lang.NullPointerException: null value in entry: id=null
at com.google.common.collect.CollectPreconditions.checkEntryNotNull(CollectPreconditions.java:32)
at com.google.common.collect.SingletonImmutableBiMap.<init>(SingletonImmutableBiMap.java:42)
at com.google.common.collect.ImmutableBiMap.of(ImmutableBiMap.java:72)
at com.google.common.collect.ImmutableMap.of(ImmutableMap.java:124)
at org.openqa.selenium.remote.RemoteWebDriver$RemoteTargetLocator.frame(RemoteWebDriver.java:892)
at com.webtest.core.WebDriverEngine.enterFrame1(Unknown Source)
at com.webtest.demo.Drop_down_list.DropdownList_Show2(Unknown Source)
at java.util.ArrayList.forEach(Unknown Source)
... Removed 26 stack frames]]>
    </failure>
  </testcase> <!-- DropdownList_Show2 -->
  <testcase name="Search_Engines" time="10.948" classname="com.webtest.demo.Drop_down_list"/>
  <testcase name="Search_EnginesSet" time="17.862" classname="com.webtest.demo.Drop_down_list"/>
  <testcase name="Search_Recommend" time="29.363" classname="com.webtest.demo.Drop_down_list"/>
  <testcase name="Search_CancelRecommend" time="15.736" classname="com.webtest.demo.Drop_down_list"/>
  <testcase name="Search_Topping" time="12.785" classname="com.webtest.demo.Drop_down_list"/>
  <testcase name="Search_CancelTopping" time="17.741" classname="com.webtest.demo.Drop_down_list"/>
  <testcase name="Search_Hide" time="17.725" classname="com.webtest.demo.Drop_down_list"/>
  <testcase name="Search_CancelHide" time="17.719" classname="com.webtest.demo.Drop_down_list"/>
  <testcase name="Search_Copy" time="30.756" classname="com.webtest.demo.Drop_down_list"/>
  <testcase name="Search_CopyEnglish" time="22.211" classname="com.webtest.demo.Drop_down_list"/>
  <testcase name="Search_RecycleBin" time="12.726" classname="com.webtest.demo.Drop_down_list"/>
  <testcase name="Search_RecycleBin_Reduction" time="18.08" classname="com.webtest.demo.Drop_down_list"/>
  <testcase name="Search_Delete_completely" time="28.326" classname="com.webtest.demo.Drop_down_list"/>
  <testcase name="Search_AddWord" time="27.256" classname="com.webtest.demo.Drop_down_list"/>
  <testcase name="Search_EditPicture" time="20.145" classname="com.webtest.demo.Drop_down_list"/>
  <testcase name="Search_EditPicture_Delete" time="0.013" classname="com.webtest.demo.Drop_down_list">
    <failure type="org.openqa.selenium.ElementClickInterceptedException" message="Element &amp;lt;input class=&amp;quot;checkall-item custom-control-input&amp;quot; name=&amp;quot;id&amp;quot; type=&amp;quot;checkbox&amp;quot;&amp;gt; is not clickable at point (277,197) because another element &amp;lt;label class=&amp;quot;form-control-label&amp;quot;&amp;gt; obscures it
Build info: version: &amp;apos;3.141.59&amp;apos;, revision: &amp;apos;e82be7d358&amp;apos;, time: &amp;apos;2018-11-14T08:25:53&amp;apos;
System info: host: &amp;apos;XIONGBEAUTY&amp;apos;, ip: &amp;apos;192.168.43.4&amp;apos;, os.name: &amp;apos;Windows 10&amp;apos;, os.arch: &amp;apos;amd64&amp;apos;, os.version: &amp;apos;10.0&amp;apos;, java.version: &amp;apos;1.8.0_231&amp;apos;
Driver info: org.openqa.selenium.firefox.FirefoxDriver
Capabilities {acceptInsecureCerts: true, browserName: firefox, browserVersion: 82.0.3, javascriptEnabled: true, moz:accessibilityChecks: false, moz:buildID: 20201108180448, moz:geckodriverVersion: 0.28.0, moz:headless: false, moz:processID: 3876, moz:profile: C:\Users\Administrator\AppD..., moz:shutdownTimeout: 60000, moz:useNonSpecCompliantPointerOrigin: false, moz:webdriverClick: true, pageLoadStrategy: normal, platform: WINDOWS, platformName: WINDOWS, platformVersion: 10.0, rotatable: false, setWindowRect: true, strictFileInteractability: false, timeouts: {implicit: 0, pageLoad: 300000, script: 30000}, unhandledPromptBehavior: dismiss and notify}
Session ID: 265b75ea-554c-4c3b-8f12-9658d0f4fe06">
      <![CDATA[org.openqa.selenium.ElementClickInterceptedException: Element <input class="checkall-item custom-control-input" name="id" type="checkbox"> is not clickable at point (277,197) because another element <label class="form-control-label"> obscures it
Build info: version: '3.141.59', revision: 'e82be7d358', time: '2018-11-14T08:25:53'
System info: host: 'XIONGBEAUTY', ip: '192.168.43.4', os.name: 'Windows 10', os.arch: 'amd64', os.version: '10.0', java.version: '1.8.0_231'
Driver info: org.openqa.selenium.firefox.FirefoxDriver
Capabilities {acceptInsecureCerts: true, browserName: firefox, browserVersion: 82.0.3, javascriptEnabled: true, moz:accessibilityChecks: false, moz:buildID: 20201108180448, moz:geckodriverVersion: 0.28.0, moz:headless: false, moz:processID: 3876, moz:profile: C:\Users\Administrator\AppD..., moz:shutdownTimeout: 60000, moz:useNonSpecCompliantPointerOrigin: false, moz:webdriverClick: true, pageLoadStrategy: normal, platform: WINDOWS, platformName: WINDOWS, platformVersion: 10.0, rotatable: false, setWindowRect: true, strictFileInteractability: false, timeouts: {implicit: 0, pageLoad: 300000, script: 30000}, unhandledPromptBehavior: dismiss and notify}
Session ID: 265b75ea-554c-4c3b-8f12-9658d0f4fe06
at org.openqa.selenium.remote.http.W3CHttpResponseCodec.createException(W3CHttpResponseCodec.java:187)
at org.openqa.selenium.remote.http.W3CHttpResponseCodec.decode(W3CHttpResponseCodec.java:122)
at org.openqa.selenium.remote.http.W3CHttpResponseCodec.decode(W3CHttpResponseCodec.java:49)
at org.openqa.selenium.remote.HttpCommandExecutor.execute(HttpCommandExecutor.java:158)
at org.openqa.selenium.remote.service.DriverCommandExecutor.execute(DriverCommandExecutor.java:83)
at org.openqa.selenium.remote.RemoteWebDriver.execute(RemoteWebDriver.java:552)
at org.openqa.selenium.remote.RemoteWebElement.execute(RemoteWebElement.java:285)
at org.openqa.selenium.remote.RemoteWebElement.click(RemoteWebElement.java:84)
at com.webtest.core.WebDriverEngine.click(Unknown Source)
at com.webtest.demo.Drop_down_list.Search_EditPicture_Delete(Unknown Source)
at java.util.ArrayList.forEach(Unknown Source)
... Removed 30 stack frames]]>
    </failure>
  </testcase> <!-- Search_EditPicture_Delete -->
  <testcase name="Search_AddPicture" time="3.227" classname="com.webtest.demo.Drop_down_list">
    <failure type="java.lang.IllegalArgumentException" message="Must provide a location for a move action.">
      <![CDATA[java.lang.IllegalArgumentException: Must provide a location for a move action.
at org.openqa.selenium.interactions.MoveMouseAction.<init>(MoveMouseAction.java:37)
at org.openqa.selenium.interactions.Actions.moveToElement(Actions.java:386)
at com.webtest.core.WebDriverEngine.mouseToElement(Unknown Source)
at com.webtest.demo.Drop_down_list.Search_AddPicture(Unknown Source)
at java.util.ArrayList.forEach(Unknown Source)
... Removed 26 stack frames]]>
    </failure>
  </testcase> <!-- Search_AddPicture -->
  <testcase name="DropdownList_English" time="33.054" classname="com.webtest.demo.Drop_down_list"/>
</testsuite> <!-- t2 -->
